<?xml version="1.0" encoding="UTF-8"?>
<!-- Generated by org.testng.reporters.JUnitReportReporter -->
<testsuite hostname="CIOS-9GKHC2S-DX" name="acn.test.Last" tests="1" failures="0" timestamp="11 Dec 2018 10:24:21 GMT" time="28.114" errors="0">
  <testcase name="TricentisVal" time="28.114" classname="acn.test.Last"/>
</testsuite> <!-- acn.test.Last -->
