<?xml version="1.0" encoding="UTF-8"?>
<!-- Generated by org.testng.reporters.JUnitReportReporter -->
<testsuite hostname="LAPTOP-L7E3ELUI" name="acn.test.TricentisTest" tests="1" failures="0" timestamp="6 Jul 2020 17:43:14 GMT" time="18.119" errors="0">
  <testcase name="TricentisVal" time="18.119" classname="acn.test.TricentisTest"/>
</testsuite> <!-- acn.test.TricentisTest -->
